[14:41:09] [main/INFO]: Loaded 0 recipes
[14:41:11] [Server thread/INFO]: Starting minecraft server version 1.13.2
[14:41:11] [Server thread/INFO]: Loading properties
[14:41:11] [Server thread/INFO]: Default game type: SURVIVAL
[14:41:12] [Server thread/INFO]: This server is running CraftBukkit version git-Spigot-a1f2566-6a398ac (MC: 1.13.2) (Implementing API version 1.13.2-R0.1-SNAPSHOT)
[14:41:12] [Server thread/INFO]: Debug logging is disabled
[14:41:12] [Server thread/INFO]: Server Ping Player Sample Count: 12
[14:41:12] [Server thread/INFO]: Using 4 threads for Netty based IO
[14:41:12] [Server thread/INFO]: Generating keypair
[14:41:13] [Server thread/INFO]: Starting Minecraft server on *:25565
[14:41:13] [Server thread/INFO]: Using default channel type
[14:41:28] [Server thread/INFO]: Set PluginClassLoader as parallel capable
[14:41:28] [Server thread/INFO]: [PluginManager] Loading PluginManager v2.0.3
[14:41:28] [Server thread/INFO]: [LuckPerms] Loading LuckPerms v4.3.17
[14:41:30] [Server thread/INFO]: [LuckPerms] Successfully downloaded 'text-1.11-1.6.4.jar' with matching checksum: V821j+n8AWhAvLhHjfXQ+/4284Gn4oXTYYfLkLjvs8o=
[14:41:30] [Server thread/INFO]: [LuckPerms] Successfully downloaded 'event-3.0.0.jar' with matching checksum: yjvdTdAyktl3iFEQFLHC3qYwwt7/DbCd7Zc8Q4SlIag=
[14:41:30] [Server thread/INFO]: [LuckPerms] Successfully downloaded 'caffeine-2.6.2.jar' with matching checksum: 53pEV3NfB1FY29Ahx2YXl91IVpX8Ttkt/d401HFNl1A=
[14:41:31] [Server thread/INFO]: [LuckPerms] Successfully downloaded 'okio-1.15.0.jar' with matching checksum: aT+jGafohDMAYCsgQCO3Z08Qbry1d/LdWAchK2YRi9I=
[14:41:31] [Server thread/INFO]: [LuckPerms] Successfully downloaded 'okhttp-3.11.0.jar' with matching checksum: 4nx3QkSPgW2hyscrTKKDsNeSB0ngn13QrAF+QHFKLv4=
[14:41:31] [Server thread/INFO]: [LuckPerms] Successfully downloaded 'commodore-1.2.jar' with matching checksum: KPG1t8vosUNEJy5g7Vq6FGDf8FRslHvhzuZa7A/eIjg=
[14:41:31] [Server thread/INFO]: [LuckPerms] Successfully downloaded 'asm-6.2.1.jar' with matching checksum: FGDbbDPMmchOXLMORrAX5NHMmn+8F0EB1vhIKbtkwIU=
[14:41:31] [Server thread/INFO]: [LuckPerms] Successfully downloaded 'asm_commons-6.2.1.jar' with matching checksum: P1eNMe8w+UttH0SBL0H+T5inzUKvNTNfXUhmqzuQGGU=
[14:41:31] [Server thread/INFO]: [LuckPerms] Successfully downloaded 'jar_relocator-1.3.jar' with matching checksum: mmz3ltQbS8xXGA2scM0ZH6raISlt4nukjCiU2l9Jxfs=
[14:41:31] [Server thread/INFO]: [LuckPerms] Attempting to apply relocations to text-1.11-1.6.4.jar...
[14:41:32] [Server thread/INFO]: [LuckPerms] Attempting to apply relocations to event-3.0.0.jar...
[14:41:32] [Server thread/INFO]: [LuckPerms] Attempting to apply relocations to caffeine-2.6.2.jar...
[14:41:36] [Server thread/INFO]: [LuckPerms] Attempting to apply relocations to okio-1.15.0.jar...
[14:41:37] [Server thread/INFO]: [LuckPerms] Attempting to apply relocations to okhttp-3.11.0.jar...
[14:41:38] [Server thread/INFO]: [LuckPerms] Attempting to apply relocations to commodore-1.2.jar...
[14:41:38] [Server thread/INFO]: [Arconix] Loading Arconix v2.0.0
[14:41:38] [Server thread/INFO]: [RXWorld] Loading RXWorld v0.4
[14:41:38] [Server thread/INFO]: [Vault] Loading Vault v1.7.1-b91
[14:41:38] [Server thread/INFO]: [PickUpSpawners] Loading PickUpSpawners v2.8
[14:41:38] [Server thread/INFO]: [UltimateKits] Loading UltimateKits vmaven-version-number
[14:41:38] [Server thread/INFO]: [AuthMe] Loading AuthMe v5.4.0-b1877
[14:41:38] [Server thread/INFO]: [TabuuCore] Loading TabuuCore v1.3.0 BETA pre-release
[14:41:38] [Server thread/INFO]: [PermissionShop] Loading PermissionShop v2.4.0 BETA
[14:41:38] [Server thread/INFO]: [LuckPerms] Enabling LuckPerms v4.3.17
[14:41:38] [Server thread/INFO]: [0;36;1m       [0;36;22m __    [m
[14:41:38] [Server thread/INFO]: [0;36;1m  |    [0;36;22m|__)   [0;32;22mLuckPerms [0;36;1mv4.3.17[m
[14:41:38] [Server thread/INFO]: [0;36;1m  |___ [0;36;22m|      [0;30;1mRunning on Bukkit - CraftBukkit[m
[14:41:38] [Server thread/INFO]: [m
[14:41:40] [Server thread/INFO]: [LuckPerms] Loading configuration...
[14:41:41] [Server thread/INFO]: [LuckPerms] Successfully downloaded 'h2_driver-1.4.197.jar' with matching checksum: N/UhbhSvJ3KTDf+bhzQ1PwqA6Juj8z4GVEHeZTfF6EI=
[14:41:41] [Server thread/INFO]: [LuckPerms] Loading storage provider... [H2]
[14:41:45] [Server thread/INFO]: [LuckPerms] Loading internal permission managers...
[14:41:46] [Server thread/INFO]: [LuckPerms] Performing initial data load...
[14:41:47] [Server thread/INFO]: [LuckPerms] Successfully enabled. (took 9443ms)
[14:41:47] [Server thread/INFO]: [Vault] Enabling Vault v1.7.1-b91
[14:41:47] [Server thread/INFO]: [Vault] [Permission] SuperPermissions loaded as backup permission system.
[14:41:47] [Server thread/INFO]: [Vault] Enabled Version 1.7.1-b91
[14:41:47] [Server thread/INFO]: [LuckPerms] Registered Vault permission & chat hook.
[14:41:47] [Server thread/INFO]: [TabuuCore] Enabling TabuuCore v1.3.0 BETA pre-release
[14:41:48] [Server thread/INFO]: **** Beginning UUID conversion, this may take A LONG time ****
[14:41:48] [Server thread/INFO]: Preparing level "world"
[14:41:48] [Server thread/INFO]: Reloading ResourceManager: Default, bukkit
[14:41:49] [Server thread/INFO]: Loaded 524 recipes
[14:41:51] [Server thread/INFO]: -------- World Settings For [world] --------
[14:41:51] [Server thread/INFO]: Item Despawn Rate: 300
[14:41:51] [Server thread/INFO]: Item Merge Radius: 2.5
[14:41:51] [Server thread/INFO]: Experience Merge Radius: 3.0
[14:41:51] [Server thread/INFO]: Arrow Despawn Rate: 300
[14:41:51] [Server thread/INFO]: View Distance: 16
[14:41:51] [Server thread/INFO]: Allow Zombie Pigmen to spawn from portal blocks: false
[14:41:51] [Server thread/INFO]: Zombie Aggressive Towards Villager: true
[14:41:51] [Server thread/INFO]: Nerfing mobs spawned from spawners: true
[14:41:51] [Server thread/INFO]: Cactus Growth Modifier: 300%
[14:41:51] [Server thread/INFO]: Cane Growth Modifier: 300%
[14:41:51] [Server thread/INFO]: Melon Growth Modifier: 300%
[14:41:51] [Server thread/INFO]: Mushroom Growth Modifier: 200%
[14:41:51] [Server thread/INFO]: Pumpkin Growth Modifier: 300%
[14:41:51] [Server thread/INFO]: Sapling Growth Modifier: 200%
[14:41:51] [Server thread/INFO]: Wheat Growth Modifier: 100%
[14:41:51] [Server thread/INFO]: NetherWart Growth Modifier: 200%
[14:41:51] [Server thread/INFO]: Vine Growth Modifier: 300%
[14:41:51] [Server thread/INFO]: Cocoa Growth Modifier: 300%
[14:41:51] [Server thread/INFO]: Mob Spawn Range: 20
[14:41:51] [Server thread/INFO]: Entity Activation Range: An 20 / Mo 32 / Mi 16 / Tiv true
[14:41:51] [Server thread/INFO]: Entity Tracking Range: Pl 48 / An 20 / Mo 20 / Mi 32 / Other 64
[14:41:51] [Server thread/INFO]: Hopper Transfer: 32 Hopper Check: 1 Hopper Amount: 1
[14:41:51] [Server thread/INFO]: Random Lighting Updates: false
[14:41:51] [Server thread/INFO]: Max TNT Explosions: 1
[14:41:51] [Server thread/INFO]: Tile Max Tick Time: 50ms Entity max Tick Time: 50ms
[14:41:51] [Server thread/INFO]: Custom Map Seeds:  Village: 10387312 Desert: 14357617 Igloo: 14357618 Jungle: 14357619 Swamp: 14357620 Monument: 10387313Ocean: 14357621 Shipwreck: 165745295 Slime: 987234911
[14:41:51] [Server thread/INFO]: Preparing start region for level minecraft:overworld (Seed: -4916473915134792760)
[14:41:52] [Server thread/INFO]: Preparing spawn area: 4%
[14:41:52] [Server thread/INFO]: Preparing spawn area: 8%
[14:41:52] [Server thread/INFO]: Preparing spawn area: 12%
[14:41:53] [Server thread/INFO]: Preparing spawn area: 16%
[14:41:53] [Server thread/INFO]: Preparing spawn area: 20%
[14:41:53] [Server thread/INFO]: Preparing spawn area: 24%
[14:41:53] [Server thread/INFO]: Preparing spawn area: 28%
[14:41:53] [Server thread/INFO]: Preparing spawn area: 32%
[14:41:54] [Server thread/INFO]: Preparing spawn area: 36%
[14:41:54] [Server thread/INFO]: Preparing spawn area: 40%
[14:41:55] [Server thread/INFO]: Preparing spawn area: 44%
[14:41:55] [Server thread/INFO]: Preparing spawn area: 48%
[14:41:55] [Server thread/INFO]: Preparing spawn area: 52%
[14:41:55] [Server thread/INFO]: Preparing spawn area: 56%
[14:41:55] [Server thread/INFO]: Preparing spawn area: 60%
[14:41:55] [Server thread/INFO]: Preparing spawn area: 64%
[14:41:55] [Server thread/INFO]: Preparing spawn area: 68%
[14:41:55] [Server thread/INFO]: Preparing spawn area: 72%
[14:41:55] [Server thread/INFO]: Preparing spawn area: 76%
[14:41:55] [Server thread/INFO]: Preparing spawn area: 80%
[14:41:55] [Server thread/INFO]: Preparing spawn area: 84%
[14:41:56] [Server thread/INFO]: Preparing spawn area: 88%
[14:41:56] [Server thread/INFO]: Preparing spawn area: 92%
[14:41:56] [Server thread/INFO]: Preparing spawn area: 96%
[14:41:56] [Server thread/INFO]: Preparing spawn area: 100%
[14:41:56] [Server thread/INFO]: Time elapsed: 4421 ms
[14:41:56] [Server thread/INFO]: [PluginManager] Enabling PluginManager v2.0.3
[14:41:56] [Server thread/INFO]: [0;31;22m[21mWARNING: [0;31;1mPluginManager hasn't been tested on your current version:[0;37;1m 1.13.2
[0;31;1mThis might cause some unexpected errors while using this plugin.[m
[14:41:56] [Server thread/INFO]: [Arconix] Enabling Arconix v2.0.0
[14:41:56] [Server thread/INFO]: Setting up packets for v1_13_R2
[14:41:57] [Server thread/INFO]: [RXWorld] Enabling RXWorld v0.4
[14:41:57] [Server thread/INFO]: [RXWorld] Loading support for v1_13_R2
[14:41:58] [Server thread/INFO]: [0;36;1m------------[0;36;22m[[0;32;1mRX[0;37;1mWorld[0;36;22m][0;36;1m------------[m
[14:41:58] [Server thread/INFO]: [0;32;1mTeam: [0;37;1mTeamGX[m
[14:41:58] [Server thread/INFO]:  [m
[14:41:58] [Server thread/INFO]: [0;32;1mProject manager: [0;37;1mHisaki[m
[14:41:58] [Server thread/INFO]:  [m
[14:41:58] [Server thread/INFO]: [0;32;1mVersion: [0;37;1m0.4[m
[14:41:58] [Server thread/INFO]:  [m
[14:41:58] [Server thread/INFO]: [0;32;1mLanguage: [0;37;1mCustomizable || English[m
[14:41:58] [Server thread/INFO]:  [m
[14:41:58] [Server thread/INFO]: [0;32;1mSite: [0;37;1mComing soon[m
[14:41:58] [Server thread/INFO]: [0;36;1m------------[0;36;22m[[0;32;1mRX[0;37;1mWorld[0;36;22m][0;36;1m------------[m
[14:41:58] [Server thread/INFO]: [RXWorld] world world charged
[14:41:58] [Server thread/INFO]: [RXWorld] Preparing level world
[14:41:58] [Server thread/INFO]: [RXWorld] Preparing level world completed
[14:41:58] [Server thread/INFO]: [RXWorld] Preparing level world_nether
[14:41:58] [Server thread/INFO]: -------- World Settings For [world_nether] --------
[14:41:58] [Server thread/INFO]: Item Despawn Rate: 300
[14:41:58] [Server thread/INFO]: Item Merge Radius: 2.5
[14:41:58] [Server thread/INFO]: Experience Merge Radius: 3.0
[14:41:58] [Server thread/INFO]: Arrow Despawn Rate: 300
[14:41:58] [Server thread/INFO]: View Distance: 16
[14:41:58] [Server thread/INFO]: Allow Zombie Pigmen to spawn from portal blocks: false
[14:41:58] [Server thread/INFO]: Zombie Aggressive Towards Villager: true
[14:41:58] [Server thread/INFO]: Nerfing mobs spawned from spawners: true
[14:41:58] [Server thread/INFO]: Cactus Growth Modifier: 300%
[14:41:58] [Server thread/INFO]: Cane Growth Modifier: 300%
[14:41:58] [Server thread/INFO]: Melon Growth Modifier: 300%
[14:41:58] [Server thread/INFO]: Mushroom Growth Modifier: 200%
[14:41:58] [Server thread/INFO]: Pumpkin Growth Modifier: 300%
[14:41:58] [Server thread/INFO]: Sapling Growth Modifier: 200%
[14:41:58] [Server thread/INFO]: Wheat Growth Modifier: 100%
[14:41:58] [Server thread/INFO]: NetherWart Growth Modifier: 200%
[14:41:58] [Server thread/INFO]: Vine Growth Modifier: 300%
[14:41:58] [Server thread/INFO]: Cocoa Growth Modifier: 300%
[14:41:58] [Server thread/INFO]: Mob Spawn Range: 20
[14:41:58] [Server thread/INFO]: Entity Activation Range: An 20 / Mo 32 / Mi 16 / Tiv true
[14:41:58] [Server thread/INFO]: Entity Tracking Range: Pl 48 / An 20 / Mo 20 / Mi 32 / Other 64
[14:41:58] [Server thread/INFO]: Hopper Transfer: 32 Hopper Check: 1 Hopper Amount: 1
[14:41:58] [Server thread/INFO]: Random Lighting Updates: false
[14:41:58] [Server thread/INFO]: Max TNT Explosions: 1
[14:41:58] [Server thread/INFO]: Tile Max Tick Time: 50ms Entity max Tick Time: 50ms
[14:41:58] [Server thread/INFO]: Custom Map Seeds:  Village: 10387312 Desert: 14357617 Igloo: 14357618 Jungle: 14357619 Swamp: 14357620 Monument: 10387313Ocean: 14357621 Shipwreck: 165745295 Slime: 987234911
[14:41:58] [Server thread/INFO]: Preparing start region for level 1 (Seed: -4916473915134792760)
[14:41:59] [Server thread/INFO]: Preparing spawn area for world_nether, 24%
[14:42:00] [Server thread/INFO]: [RXWorld] Preparing level world_nether completed
[14:42:00] [Server thread/INFO]: [RXWorld] Preparing level world_the_end
[14:42:00] [Server thread/INFO]: -------- World Settings For [world_the_end] --------
[14:42:00] [Server thread/INFO]: Item Despawn Rate: 300
[14:42:00] [Server thread/INFO]: Item Merge Radius: 2.5
[14:42:00] [Server thread/INFO]: Experience Merge Radius: 3.0
[14:42:00] [Server thread/INFO]: Arrow Despawn Rate: 300
[14:42:00] [Server thread/INFO]: View Distance: 16
[14:42:00] [Server thread/INFO]: Allow Zombie Pigmen to spawn from portal blocks: false
[14:42:00] [Server thread/INFO]: Zombie Aggressive Towards Villager: true
[14:42:00] [Server thread/INFO]: Nerfing mobs spawned from spawners: true
[14:42:00] [Server thread/INFO]: Cactus Growth Modifier: 300%
[14:42:00] [Server thread/INFO]: Cane Growth Modifier: 300%
[14:42:00] [Server thread/INFO]: Melon Growth Modifier: 300%
[14:42:00] [Server thread/INFO]: Mushroom Growth Modifier: 200%
[14:42:00] [Server thread/INFO]: Pumpkin Growth Modifier: 300%
[14:42:00] [Server thread/INFO]: Sapling Growth Modifier: 200%
[14:42:00] [Server thread/INFO]: Wheat Growth Modifier: 100%
[14:42:00] [Server thread/INFO]: NetherWart Growth Modifier: 200%
[14:42:00] [Server thread/INFO]: Vine Growth Modifier: 300%
[14:42:00] [Server thread/INFO]: Cocoa Growth Modifier: 300%
[14:42:00] [Server thread/INFO]: Mob Spawn Range: 20
[14:42:00] [Server thread/INFO]: Entity Activation Range: An 20 / Mo 32 / Mi 16 / Tiv true
[14:42:00] [Server thread/INFO]: Entity Tracking Range: Pl 48 / An 20 / Mo 20 / Mi 32 / Other 64
[14:42:00] [Server thread/INFO]: Hopper Transfer: 32 Hopper Check: 1 Hopper Amount: 1
[14:42:00] [Server thread/INFO]: Random Lighting Updates: false
[14:42:00] [Server thread/INFO]: Max TNT Explosions: 1
[14:42:00] [Server thread/INFO]: Tile Max Tick Time: 50ms Entity max Tick Time: 50ms
[14:42:00] [Server thread/INFO]: Custom Map Seeds:  Village: 10387312 Desert: 14357617 Igloo: 14357618 Jungle: 14357619 Swamp: 14357620 Monument: 10387313Ocean: 14357621 Shipwreck: 165745295 Slime: 987234911
[14:42:00] [Server thread/INFO]: Preparing start region for level 2 (Seed: -4916473915134792760)
[14:42:01] [Server thread/INFO]: [RXWorld] Preparing level world_the_end completed
[14:42:01] [Server thread/INFO]: [PickUpSpawners] Enabling PickUpSpawners v2.8
[14:42:01] [Server thread/ERROR]: [PickUpSpawners] No vault/economy plugin found! Spawner GUI shop is disabled!
[14:42:01] [Server thread/INFO]: [UltimateKits] Enabling UltimateKits vmaven-version-number
[14:42:01] [Server thread/INFO]: [Arconix] Plugin hooked: UltimateKits
[14:42:01] [Server thread/INFO]: [0;32;1m=============================[m
[14:42:01] [Server thread/INFO]: [0;37;22mUltimateKits maven-version-number by [0;35;22mSongoda <3![m
[14:42:01] [Server thread/INFO]: [0;37;22mAction: [0;32;1mEnabling[0;37;22m...[m
[14:42:02] [Server thread/INFO]: [UltimateKits] Loading data file
[14:42:02] [Server thread/INFO]: [0;32;1m=============================[m
[14:42:02] [Server thread/INFO]: [AuthMe] Enabling AuthMe v5.4.0-b1877
[14:42:03] [Server thread/INFO]: [AuthMe] SQLite Setup finished
[14:42:03] [Server thread/INFO]: [AuthMe] Hooked into LuckPerms!
[14:42:03] [Server thread/INFO]: [AuthMe] [LICENSE] This product uses data from the GeoLite API created by MaxMind, available at http://www.maxmind.com
[14:42:04] [Server thread/WARN]: [AuthMe] WARNING! The protectInventory feature requires ProtocolLib! Disabling it...
[14:42:04] [Server thread/INFO]: [AuthMe] Development builds are available on our jenkins, thanks to f14stelt.
[14:42:04] [Server thread/INFO]: [AuthMe] Do you want a good game server? Look at our sponsor GameHosting.it leader in Italy as Game Server Provider!
[14:42:04] [Server thread/INFO]: [AuthMe] AuthMe 5.4.0 build n.1877 correctly enabled!
[14:42:04] [Server thread/INFO]: [PermissionShop] Enabling PermissionShop v2.4.0 BETA
[14:42:04] [Server thread/INFO]: Server permissions file permissions.yml is empty, ignoring it
[14:42:05] [Server thread/INFO]: Done (17.543s)! For help, type "help"
[14:42:05] [Server thread/INFO]: [TabuuCore] Searching plugin updates...
[14:42:05] [Server thread/INFO]: [TabuuCore] Search for plugin updates completed! 0 plugin(s) have been updated.
[14:42:05] [Craft Scheduler Thread - 5/INFO]: [Vault] Checking for Updates ... 
[14:42:07] [Craft Scheduler Thread - 5/INFO]: [Vault] No new version available
[14:43:29] [User Authenticator #1/INFO]: UUID of player _Gre is 6e0ce31b-f603-4297-a158-ef0d51639eb7
[14:43:32] [Server thread/INFO]: _Gre[/187.19.11.97:57124] logged in with entity id 594 at ([world]194.33637631870204, 69.0, -124.62561150101625)
[14:43:47] [Server thread/INFO]: _Gre issued server command: /
[14:43:51] [Craft Scheduler Thread - 6/INFO]: [AuthMe] _Gre logged in!
[14:43:59] [Server thread/INFO]: _Gre issued server command: /gamemode creative
[14:43:59] [Server thread/INFO]: [_Gre: Set own game mode to Creative Mode]
[14:44:09] [Server thread/INFO]: _Gre issued server command: /set day
[14:44:15] [Server thread/INFO]: _Gre issued server command: /time set day
[14:44:15] [Server thread/INFO]: [_Gre: Set the time to 1000]
[14:44:55] [Server thread/INFO]: _Gre issued server command: /gamemode survival
[14:44:55] [Server thread/INFO]: [_Gre: Set own game mode to Survival Mode]
[14:45:04] [Server thread/INFO]: _Gre issued server command: /lp
[14:45:09] [Server thread/INFO]: _Gre issued server command: /lp reloadconfig
[15:00:04] [Server thread/INFO]: _Gre lost connection: Disconnected
[15:00:04] [Server thread/INFO]: _Gre left the game
